{
  "C:/Users/detar/Universidad/Master/1º/DWEB-ProyFinal/futbolApp/frontend/cypress/support/component.ts": {
    "path": "C:/Users/detar/Universidad/Master/1º/DWEB-ProyFinal/futbolApp/frontend/cypress/support/component.ts",
    "statementMap": {
      "0": {
        "start": {
          "line": 4,
          "column": 0
        },
        "end": {
          "line": 4,
          "column": 37
        }
      }
    },
    "fnMap": {},
    "branchMap": {},
    "s": {
      "0": 60
    },
    "f": {},
    "b": {},
    "_coverageSchema": "1a1c01bbd47fc00a2c39e90264f33305004495a9",
    "hash": "a87bc6ea4ab74eb976fb0b6234ee17dbbc20d7a7"
  },
  "C:/Users/detar/Universidad/Master/1º/DWEB-ProyFinal/futbolApp/frontend/src/environments/environment.ts": {
    "path": "C:/Users/detar/Universidad/Master/1º/DWEB-ProyFinal/futbolApp/frontend/src/environments/environment.ts",
    "statementMap": {
      "0": {
        "start": {
          "line": 1,
          "column": 27
        },
        "end": {
          "line": 12,
          "column": 1
        }
      }
    },
    "fnMap": {},
    "branchMap": {},
    "s": {
      "0": 60
    },
    "f": {},
    "b": {},
    "_coverageSchema": "1a1c01bbd47fc00a2c39e90264f33305004495a9",
    "hash": "b5c5f7289a5a932ef6d6dde4b33d4226151539c6"
  },
  "C:/Users/detar/Universidad/Master/1º/DWEB-ProyFinal/futbolApp/frontend/src/app/patterns/trwm-backend.strategy.ts": {
    "path": "C:/Users/detar/Universidad/Master/1º/DWEB-ProyFinal/futbolApp/frontend/src/app/patterns/trwm-backend.strategy.ts",
    "statementMap": {
      "0": {
        "start": {
          "line": 1,
          "column": 16
        },
        "end": {
          "line": 1,
          "column": 37
        }
      },
      "1": {
        "start": {
          "line": 2,
          "column": 23
        },
        "end": {
          "line": 2,
          "column": 54
        }
      },
      "2": {
        "start": {
          "line": 3,
          "column": 22
        },
        "end": {
          "line": 10,
          "column": 1
        }
      },
      "3": {
        "start": {
          "line": 4,
          "column": 15
        },
        "end": {
          "line": 4,
          "column": 80
        }
      },
      "4": {
        "start": {
          "line": 5,
          "column": 2
        },
        "end": {
          "line": 7,
          "column": 85
        }
      },
      "5": {
        "start": {
          "line": 5,
          "column": 15
        },
        "end": {
          "line": 5,
          "column": 36
        }
      },
      "6": {
        "start": {
          "line": 6,
          "column": 4
        },
        "end": {
          "line": 7,
          "column": 85
        }
      },
      "7": {
        "start": {
          "line": 7,
          "column": 6
        },
        "end": {
          "line": 7,
          "column": 85
        }
      },
      "8": {
        "start": {
          "line": 8,
          "column": 2
        },
        "end": {
          "line": 8,
          "column": 53
        }
      },
      "9": {
        "start": {
          "line": 8,
          "column": 22
        },
        "end": {
          "line": 8,
          "column": 53
        }
      },
      "10": {
        "start": {
          "line": 9,
          "column": 2
        },
        "end": {
          "line": 9,
          "column": 16
        }
      },
      "11": {
        "start": {
          "line": 12,
          "column": 33
        },
        "end": {
          "line": 20,
          "column": 1
        }
      },
      "12": {
        "start": {
          "line": 14,
          "column": 4
        },
        "end": {
          "line": 14,
          "column": 23
        }
      },
      "13": {
        "start": {
          "line": 15,
          "column": 4
        },
        "end": {
          "line": 15,
          "column": 24
        }
      },
      "14": {
        "start": {
          "line": 18,
          "column": 4
        },
        "end": {
          "line": 18,
          "column": 35
        }
      },
      "15": {
        "start": {
          "line": 21,
          "column": 0
        },
        "end": {
          "line": 23,
          "column": 24
        }
      }
    },
    "fnMap": {
      "0": {
        "name": "(anonymous_0)",
        "decl": {
          "start": {
            "line": 3,
            "column": 22
          },
          "end": {
            "line": 3,
            "column": 23
          }
        },
        "loc": {
          "start": {
            "line": 3,
            "column": 57
          },
          "end": {
            "line": 10,
            "column": 1
          }
        },
        "line": 3
      },
      "1": {
        "name": "(anonymous_1)",
        "decl": {
          "start": {
            "line": 13,
            "column": 2
          },
          "end": {
            "line": 13,
            "column": 3
          }
        },
        "loc": {
          "start": {
            "line": 13,
            "column": 16
          },
          "end": {
            "line": 16,
            "column": 3
          }
        },
        "line": 13
      },
      "2": {
        "name": "(anonymous_2)",
        "decl": {
          "start": {
            "line": 17,
            "column": 2
          },
          "end": {
            "line": 17,
            "column": 3
          }
        },
        "loc": {
          "start": {
            "line": 17,
            "column": 15
          },
          "end": {
            "line": 19,
            "column": 3
          }
        },
        "line": 17
      }
    },
    "branchMap": {
      "0": {
        "loc": {
          "start": {
            "line": 4,
            "column": 15
          },
          "end": {
            "line": 4,
            "column": 80
          }
        },
        "type": "cond-expr",
        "locations": [
          {
            "start": {
              "line": 4,
              "column": 26
            },
            "end": {
              "line": 4,
              "column": 32
            }
          },
          {
            "start": {
              "line": 4,
              "column": 35
            },
            "end": {
              "line": 4,
              "column": 80
            }
          }
        ],
        "line": 4
      },
      "1": {
        "loc": {
          "start": {
            "line": 4,
            "column": 35
          },
          "end": {
            "line": 4,
            "column": 80
          }
        },
        "type": "cond-expr",
        "locations": [
          {
            "start": {
              "line": 4,
              "column": 42
            },
            "end": {
              "line": 4,
              "column": 71
            }
          },
          {
            "start": {
              "line": 4,
              "column": 74
            },
            "end": {
              "line": 4,
              "column": 80
            }
          }
        ],
        "line": 4
      },
      "2": {
        "loc": {
          "start": {
            "line": 6,
            "column": 4
          },
          "end": {
            "line": 7,
            "column": 85
          }
        },
        "type": "if",
        "locations": [
          {
            "start": {
              "line": 6,
              "column": 4
            },
            "end": {
              "line": 7,
              "column": 85
            }
          },
          {
            "start": {},
            "end": {}
          }
        ],
        "line": 6
      },
      "3": {
        "loc": {
          "start": {
            "line": 7,
            "column": 15
          },
          "end": {
            "line": 7,
            "column": 84
          }
        },
        "type": "binary-expr",
        "locations": [
          {
            "start": {
              "line": 7,
              "column": 16
            },
            "end": {
              "line": 7,
              "column": 73
            }
          },
          {
            "start": {
              "line": 7,
              "column": 78
            },
            "end": {
              "line": 7,
              "column": 84
            }
          }
        ],
        "line": 7
      },
      "4": {
        "loc": {
          "start": {
            "line": 7,
            "column": 16
          },
          "end": {
            "line": 7,
            "column": 73
          }
        },
        "type": "cond-expr",
        "locations": [
          {
            "start": {
              "line": 7,
              "column": 23
            },
            "end": {
              "line": 7,
              "column": 53
            }
          },
          {
            "start": {
              "line": 7,
              "column": 56
            },
            "end": {
              "line": 7,
              "column": 73
            }
          }
        ],
        "line": 7
      },
      "5": {
        "loc": {
          "start": {
            "line": 8,
            "column": 2
          },
          "end": {
            "line": 8,
            "column": 53
          }
        },
        "type": "if",
        "locations": [
          {
            "start": {
              "line": 8,
              "column": 2
            },
            "end": {
              "line": 8,
              "column": 53
            }
          },
          {
            "start": {},
            "end": {}
          }
        ],
        "line": 8
      },
      "6": {
        "loc": {
          "start": {
            "line": 8,
            "column": 6
          },
          "end": {
            "line": 8,
            "column": 20
          }
        },
        "type": "binary-expr",
        "locations": [
          {
            "start": {
              "line": 8,
              "column": 6
            },
            "end": {
              "line": 8,
              "column": 10
            }
          },
          {
            "start": {
              "line": 8,
              "column": 14
            },
            "end": {
              "line": 8,
              "column": 20
            }
          }
        ],
        "line": 8
      }
    },
    "s": {
      "0": 60,
      "1": 60,
      "2": 60,
      "3": 60,
      "4": 60,
      "5": 60,
      "6": 60,
      "7": 60,
      "8": 60,
      "9": 0,
      "10": 60,
      "11": 60,
      "12": 347,
      "13": 347,
      "14": 142,
      "15": 60
    },
    "f": {
      "0": 60,
      "1": 347,
      "2": 142
    },
    "b": {
      "0": [
        0,
        60
      ],
      "1": [
        0,
        60
      ],
      "2": [
        60,
        0
      ],
      "3": [
        60,
        0
      ],
      "4": [
        0,
        60
      ],
      "5": [
        0,
        60
      ],
      "6": [
        60,
        0
      ]
    },
    "_coverageSchema": "1a1c01bbd47fc00a2c39e90264f33305004495a9",
    "hash": "0c008511d0ef646e042a2ac6b73df45e4cd003f4"
  },
  "C:/Users/detar/Universidad/Master/1º/DWEB-ProyFinal/futbolApp/frontend/src/app/patterns/dwsc-backend.strategy.ts": {
    "path": "C:/Users/detar/Universidad/Master/1º/DWEB-ProyFinal/futbolApp/frontend/src/app/patterns/dwsc-backend.strategy.ts",
    "statementMap": {
      "0": {
        "start": {
          "line": 1,
          "column": 16
        },
        "end": {
          "line": 1,
          "column": 37
        }
      },
      "1": {
        "start": {
          "line": 2,
          "column": 23
        },
        "end": {
          "line": 2,
          "column": 54
        }
      },
      "2": {
        "start": {
          "line": 3,
          "column": 22
        },
        "end": {
          "line": 10,
          "column": 1
        }
      },
      "3": {
        "start": {
          "line": 4,
          "column": 15
        },
        "end": {
          "line": 4,
          "column": 80
        }
      },
      "4": {
        "start": {
          "line": 5,
          "column": 2
        },
        "end": {
          "line": 7,
          "column": 85
        }
      },
      "5": {
        "start": {
          "line": 5,
          "column": 15
        },
        "end": {
          "line": 5,
          "column": 36
        }
      },
      "6": {
        "start": {
          "line": 6,
          "column": 4
        },
        "end": {
          "line": 7,
          "column": 85
        }
      },
      "7": {
        "start": {
          "line": 7,
          "column": 6
        },
        "end": {
          "line": 7,
          "column": 85
        }
      },
      "8": {
        "start": {
          "line": 8,
          "column": 2
        },
        "end": {
          "line": 8,
          "column": 53
        }
      },
      "9": {
        "start": {
          "line": 8,
          "column": 22
        },
        "end": {
          "line": 8,
          "column": 53
        }
      },
      "10": {
        "start": {
          "line": 9,
          "column": 2
        },
        "end": {
          "line": 9,
          "column": 16
        }
      },
      "11": {
        "start": {
          "line": 12,
          "column": 33
        },
        "end": {
          "line": 20,
          "column": 1
        }
      },
      "12": {
        "start": {
          "line": 14,
          "column": 4
        },
        "end": {
          "line": 14,
          "column": 23
        }
      },
      "13": {
        "start": {
          "line": 15,
          "column": 4
        },
        "end": {
          "line": 15,
          "column": 24
        }
      },
      "14": {
        "start": {
          "line": 18,
          "column": 4
        },
        "end": {
          "line": 18,
          "column": 35
        }
      },
      "15": {
        "start": {
          "line": 21,
          "column": 0
        },
        "end": {
          "line": 23,
          "column": 24
        }
      }
    },
    "fnMap": {
      "0": {
        "name": "(anonymous_0)",
        "decl": {
          "start": {
            "line": 3,
            "column": 22
          },
          "end": {
            "line": 3,
            "column": 23
          }
        },
        "loc": {
          "start": {
            "line": 3,
            "column": 57
          },
          "end": {
            "line": 10,
            "column": 1
          }
        },
        "line": 3
      },
      "1": {
        "name": "(anonymous_1)",
        "decl": {
          "start": {
            "line": 13,
            "column": 2
          },
          "end": {
            "line": 13,
            "column": 3
          }
        },
        "loc": {
          "start": {
            "line": 13,
            "column": 16
          },
          "end": {
            "line": 16,
            "column": 3
          }
        },
        "line": 13
      },
      "2": {
        "name": "(anonymous_2)",
        "decl": {
          "start": {
            "line": 17,
            "column": 2
          },
          "end": {
            "line": 17,
            "column": 3
          }
        },
        "loc": {
          "start": {
            "line": 17,
            "column": 15
          },
          "end": {
            "line": 19,
            "column": 3
          }
        },
        "line": 17
      }
    },
    "branchMap": {
      "0": {
        "loc": {
          "start": {
            "line": 4,
            "column": 15
          },
          "end": {
            "line": 4,
            "column": 80
          }
        },
        "type": "cond-expr",
        "locations": [
          {
            "start": {
              "line": 4,
              "column": 26
            },
            "end": {
              "line": 4,
              "column": 32
            }
          },
          {
            "start": {
              "line": 4,
              "column": 35
            },
            "end": {
              "line": 4,
              "column": 80
            }
          }
        ],
        "line": 4
      },
      "1": {
        "loc": {
          "start": {
            "line": 4,
            "column": 35
          },
          "end": {
            "line": 4,
            "column": 80
          }
        },
        "type": "cond-expr",
        "locations": [
          {
            "start": {
              "line": 4,
              "column": 42
            },
            "end": {
              "line": 4,
              "column": 71
            }
          },
          {
            "start": {
              "line": 4,
              "column": 74
            },
            "end": {
              "line": 4,
              "column": 80
            }
          }
        ],
        "line": 4
      },
      "2": {
        "loc": {
          "start": {
            "line": 6,
            "column": 4
          },
          "end": {
            "line": 7,
            "column": 85
          }
        },
        "type": "if",
        "locations": [
          {
            "start": {
              "line": 6,
              "column": 4
            },
            "end": {
              "line": 7,
              "column": 85
            }
          },
          {
            "start": {},
            "end": {}
          }
        ],
        "line": 6
      },
      "3": {
        "loc": {
          "start": {
            "line": 7,
            "column": 15
          },
          "end": {
            "line": 7,
            "column": 84
          }
        },
        "type": "binary-expr",
        "locations": [
          {
            "start": {
              "line": 7,
              "column": 16
            },
            "end": {
              "line": 7,
              "column": 73
            }
          },
          {
            "start": {
              "line": 7,
              "column": 78
            },
            "end": {
              "line": 7,
              "column": 84
            }
          }
        ],
        "line": 7
      },
      "4": {
        "loc": {
          "start": {
            "line": 7,
            "column": 16
          },
          "end": {
            "line": 7,
            "column": 73
          }
        },
        "type": "cond-expr",
        "locations": [
          {
            "start": {
              "line": 7,
              "column": 23
            },
            "end": {
              "line": 7,
              "column": 53
            }
          },
          {
            "start": {
              "line": 7,
              "column": 56
            },
            "end": {
              "line": 7,
              "column": 73
            }
          }
        ],
        "line": 7
      },
      "5": {
        "loc": {
          "start": {
            "line": 8,
            "column": 2
          },
          "end": {
            "line": 8,
            "column": 53
          }
        },
        "type": "if",
        "locations": [
          {
            "start": {
              "line": 8,
              "column": 2
            },
            "end": {
              "line": 8,
              "column": 53
            }
          },
          {
            "start": {},
            "end": {}
          }
        ],
        "line": 8
      },
      "6": {
        "loc": {
          "start": {
            "line": 8,
            "column": 6
          },
          "end": {
            "line": 8,
            "column": 20
          }
        },
        "type": "binary-expr",
        "locations": [
          {
            "start": {
              "line": 8,
              "column": 6
            },
            "end": {
              "line": 8,
              "column": 10
            }
          },
          {
            "start": {
              "line": 8,
              "column": 14
            },
            "end": {
              "line": 8,
              "column": 20
            }
          }
        ],
        "line": 8
      }
    },
    "s": {
      "0": 60,
      "1": 60,
      "2": 60,
      "3": 60,
      "4": 60,
      "5": 60,
      "6": 60,
      "7": 60,
      "8": 60,
      "9": 0,
      "10": 60,
      "11": 60,
      "12": 346,
      "13": 346,
      "14": 71,
      "15": 60
    },
    "f": {
      "0": 60,
      "1": 346,
      "2": 71
    },
    "b": {
      "0": [
        0,
        60
      ],
      "1": [
        0,
        60
      ],
      "2": [
        60,
        0
      ],
      "3": [
        60,
        0
      ],
      "4": [
        0,
        60
      ],
      "5": [
        0,
        60
      ],
      "6": [
        60,
        0
      ]
    },
    "_coverageSchema": "1a1c01bbd47fc00a2c39e90264f33305004495a9",
    "hash": "332bdc3a0779e7258efcd8b92ed38564fad98223"
  },
  "C:/Users/detar/Universidad/Master/1º/DWEB-ProyFinal/futbolApp/frontend/src/app/patterns/backend-factory.ts": {
    "path": "C:/Users/detar/Universidad/Master/1º/DWEB-ProyFinal/futbolApp/frontend/src/app/patterns/backend-factory.ts",
    "statementMap": {
      "0": {
        "start": {
          "line": 1,
          "column": 16
        },
        "end": {
          "line": 1,
          "column": 37
        }
      },
      "1": {
        "start": {
          "line": 2,
          "column": 23
        },
        "end": {
          "line": 2,
          "column": 54
        }
      },
      "2": {
        "start": {
          "line": 3,
          "column": 22
        },
        "end": {
          "line": 10,
          "column": 1
        }
      },
      "3": {
        "start": {
          "line": 4,
          "column": 15
        },
        "end": {
          "line": 4,
          "column": 80
        }
      },
      "4": {
        "start": {
          "line": 5,
          "column": 2
        },
        "end": {
          "line": 7,
          "column": 85
        }
      },
      "5": {
        "start": {
          "line": 5,
          "column": 15
        },
        "end": {
          "line": 5,
          "column": 36
        }
      },
      "6": {
        "start": {
          "line": 6,
          "column": 4
        },
        "end": {
          "line": 7,
          "column": 85
        }
      },
      "7": {
        "start": {
          "line": 7,
          "column": 6
        },
        "end": {
          "line": 7,
          "column": 85
        }
      },
      "8": {
        "start": {
          "line": 8,
          "column": 2
        },
        "end": {
          "line": 8,
          "column": 53
        }
      },
      "9": {
        "start": {
          "line": 8,
          "column": 22
        },
        "end": {
          "line": 8,
          "column": 53
        }
      },
      "10": {
        "start": {
          "line": 9,
          "column": 2
        },
        "end": {
          "line": 9,
          "column": 16
        }
      },
      "11": {
        "start": {
          "line": 14,
          "column": 28
        },
        "end": {
          "line": 30,
          "column": 1
        }
      },
      "12": {
        "start": {
          "line": 16,
          "column": 4
        },
        "end": {
          "line": 16,
          "column": 44
        }
      },
      "13": {
        "start": {
          "line": 17,
          "column": 4
        },
        "end": {
          "line": 17,
          "column": 44
        }
      },
      "14": {
        "start": {
          "line": 18,
          "column": 4
        },
        "end": {
          "line": 18,
          "column": 48
        }
      },
      "15": {
        "start": {
          "line": 19,
          "column": 4
        },
        "end": {
          "line": 19,
          "column": 43
        }
      },
      "16": {
        "start": {
          "line": 20,
          "column": 4
        },
        "end": {
          "line": 20,
          "column": 43
        }
      },
      "17": {
        "start": {
          "line": 23,
          "column": 14
        },
        "end": {
          "line": 23,
          "column": 39
        }
      },
      "18": {
        "start": {
          "line": 24,
          "column": 4
        },
        "end": {
          "line": 24,
          "column": 61
        }
      },
      "19": {
        "start": {
          "line": 24,
          "column": 12
        },
        "end": {
          "line": 24,
          "column": 61
        }
      },
      "20": {
        "start": {
          "line": 25,
          "column": 4
        },
        "end": {
          "line": 25,
          "column": 13
        }
      },
      "21": {
        "start": {
          "line": 28,
          "column": 4
        },
        "end": {
          "line": 28,
          "column": 34
        }
      },
      "22": {
        "start": {
          "line": 31,
          "column": 0
        },
        "end": {
          "line": 33,
          "column": 19
        }
      }
    },
    "fnMap": {
      "0": {
        "name": "(anonymous_0)",
        "decl": {
          "start": {
            "line": 3,
            "column": 22
          },
          "end": {
            "line": 3,
            "column": 23
          }
        },
        "loc": {
          "start": {
            "line": 3,
            "column": 57
          },
          "end": {
            "line": 10,
            "column": 1
          }
        },
        "line": 3
      },
      "1": {
        "name": "(anonymous_1)",
        "decl": {
          "start": {
            "line": 15,
            "column": 2
          },
          "end": {
            "line": 15,
            "column": 3
          }
        },
        "loc": {
          "start": {
            "line": 15,
            "column": 16
          },
          "end": {
            "line": 21,
            "column": 3
          }
        },
        "line": 15
      },
      "2": {
        "name": "(anonymous_2)",
        "decl": {
          "start": {
            "line": 22,
            "column": 2
          },
          "end": {
            "line": 22,
            "column": 3
          }
        },
        "loc": {
          "start": {
            "line": 22,
            "column": 20
          },
          "end": {
            "line": 26,
            "column": 3
          }
        },
        "line": 22
      },
      "3": {
        "name": "(anonymous_3)",
        "decl": {
          "start": {
            "line": 27,
            "column": 2
          },
          "end": {
            "line": 27,
            "column": 3
          }
        },
        "loc": {
          "start": {
            "line": 27,
            "column": 11
          },
          "end": {
            "line": 29,
            "column": 3
          }
        },
        "line": 27
      }
    },
    "branchMap": {
      "0": {
        "loc": {
          "start": {
            "line": 4,
            "column": 15
          },
          "end": {
            "line": 4,
            "column": 80
          }
        },
        "type": "cond-expr",
        "locations": [
          {
            "start": {
              "line": 4,
              "column": 26
            },
            "end": {
              "line": 4,
              "column": 32
            }
          },
          {
            "start": {
              "line": 4,
              "column": 35
            },
            "end": {
              "line": 4,
              "column": 80
            }
          }
        ],
        "line": 4
      },
      "1": {
        "loc": {
          "start": {
            "line": 4,
            "column": 35
          },
          "end": {
            "line": 4,
            "column": 80
          }
        },
        "type": "cond-expr",
        "locations": [
          {
            "start": {
              "line": 4,
              "column": 42
            },
            "end": {
              "line": 4,
              "column": 71
            }
          },
          {
            "start": {
              "line": 4,
              "column": 74
            },
            "end": {
              "line": 4,
              "column": 80
            }
          }
        ],
        "line": 4
      },
      "2": {
        "loc": {
          "start": {
            "line": 6,
            "column": 4
          },
          "end": {
            "line": 7,
            "column": 85
          }
        },
        "type": "if",
        "locations": [
          {
            "start": {
              "line": 6,
              "column": 4
            },
            "end": {
              "line": 7,
              "column": 85
            }
          },
          {
            "start": {},
            "end": {}
          }
        ],
        "line": 6
      },
      "3": {
        "loc": {
          "start": {
            "line": 7,
            "column": 15
          },
          "end": {
            "line": 7,
            "column": 84
          }
        },
        "type": "binary-expr",
        "locations": [
          {
            "start": {
              "line": 7,
              "column": 16
            },
            "end": {
              "line": 7,
              "column": 73
            }
          },
          {
            "start": {
              "line": 7,
              "column": 78
            },
            "end": {
              "line": 7,
              "column": 84
            }
          }
        ],
        "line": 7
      },
      "4": {
        "loc": {
          "start": {
            "line": 7,
            "column": 16
          },
          "end": {
            "line": 7,
            "column": 73
          }
        },
        "type": "cond-expr",
        "locations": [
          {
            "start": {
              "line": 7,
              "column": 23
            },
            "end": {
              "line": 7,
              "column": 53
            }
          },
          {
            "start": {
              "line": 7,
              "column": 56
            },
            "end": {
              "line": 7,
              "column": 73
            }
          }
        ],
        "line": 7
      },
      "5": {
        "loc": {
          "start": {
            "line": 8,
            "column": 2
          },
          "end": {
            "line": 8,
            "column": 53
          }
        },
        "type": "if",
        "locations": [
          {
            "start": {
              "line": 8,
              "column": 2
            },
            "end": {
              "line": 8,
              "column": 53
            }
          },
          {
            "start": {},
            "end": {}
          }
        ],
        "line": 8
      },
      "6": {
        "loc": {
          "start": {
            "line": 8,
            "column": 6
          },
          "end": {
            "line": 8,
            "column": 20
          }
        },
        "type": "binary-expr",
        "locations": [
          {
            "start": {
              "line": 8,
              "column": 6
            },
            "end": {
              "line": 8,
              "column": 10
            }
          },
          {
            "start": {
              "line": 8,
              "column": 14
            },
            "end": {
              "line": 8,
              "column": 20
            }
          }
        ],
        "line": 8
      },
      "7": {
        "loc": {
          "start": {
            "line": 24,
            "column": 4
          },
          "end": {
            "line": 24,
            "column": 61
          }
        },
        "type": "if",
        "locations": [
          {
            "start": {
              "line": 24,
              "column": 4
            },
            "end": {
              "line": 24,
              "column": 61
            }
          },
          {
            "start": {},
            "end": {}
          }
        ],
        "line": 24
      }
    },
    "s": {
      "0": 60,
      "1": 60,
      "2": 60,
      "3": 60,
      "4": 60,
      "5": 60,
      "6": 60,
      "7": 60,
      "8": 60,
      "9": 0,
      "10": 60,
      "11": 60,
      "12": 317,
      "13": 317,
      "14": 317,
      "15": 317,
      "16": 317,
      "17": 180,
      "18": 180,
      "19": 26,
      "20": 154,
      "21": 236,
      "22": 60
    },
    "f": {
      "0": 60,
      "1": 317,
      "2": 180,
      "3": 236
    },
    "b": {
      "0": [
        0,
        60
      ],
      "1": [
        0,
        60
      ],
      "2": [
        60,
        0
      ],
      "3": [
        60,
        0
      ],
      "4": [
        0,
        60
      ],
      "5": [
        0,
        60
      ],
      "6": [
        60,
        0
      ],
      "7": [
        26,
        154
      ]
    },
    "_coverageSchema": "1a1c01bbd47fc00a2c39e90264f33305004495a9",
    "hash": "c24ab18d94edcf9bcb85a2345578b49997b5810b"
  },
  "C:/Users/detar/Universidad/Master/1º/DWEB-ProyFinal/futbolApp/frontend/src/app/patterns/backend-toggle.service.ts": {
    "path": "C:/Users/detar/Universidad/Master/1º/DWEB-ProyFinal/futbolApp/frontend/src/app/patterns/backend-toggle.service.ts",
    "statementMap": {
      "0": {
        "start": {
          "line": 1,
          "column": 16
        },
        "end": {
          "line": 1,
          "column": 37
        }
      },
      "1": {
        "start": {
          "line": 2,
          "column": 23
        },
        "end": {
          "line": 2,
          "column": 54
        }
      },
      "2": {
        "start": {
          "line": 3,
          "column": 22
        },
        "end": {
          "line": 10,
          "column": 1
        }
      },
      "3": {
        "start": {
          "line": 4,
          "column": 15
        },
        "end": {
          "line": 4,
          "column": 80
        }
      },
      "4": {
        "start": {
          "line": 5,
          "column": 2
        },
        "end": {
          "line": 7,
          "column": 85
        }
      },
      "5": {
        "start": {
          "line": 5,
          "column": 15
        },
        "end": {
          "line": 5,
          "column": 36
        }
      },
      "6": {
        "start": {
          "line": 6,
          "column": 4
        },
        "end": {
          "line": 7,
          "column": 85
        }
      },
      "7": {
        "start": {
          "line": 7,
          "column": 6
        },
        "end": {
          "line": 7,
          "column": 85
        }
      },
      "8": {
        "start": {
          "line": 8,
          "column": 2
        },
        "end": {
          "line": 8,
          "column": 53
        }
      },
      "9": {
        "start": {
          "line": 8,
          "column": 22
        },
        "end": {
          "line": 8,
          "column": 53
        }
      },
      "10": {
        "start": {
          "line": 9,
          "column": 2
        },
        "end": {
          "line": 9,
          "column": 16
        }
      },
      "11": {
        "start": {
          "line": 13,
          "column": 20
        },
        "end": {
          "line": 13,
          "column": 39
        }
      },
      "12": {
        "start": {
          "line": 14,
          "column": 34
        },
        "end": {
          "line": 39,
          "column": 1
        }
      },
      "13": {
        "start": {
          "line": 16,
          "column": 4
        },
        "end": {
          "line": 16,
          "column": 42
        }
      },
      "14": {
        "start": {
          "line": 17,
          "column": 4
        },
        "end": {
          "line": 17,
          "column": 48
        }
      },
      "15": {
        "start": {
          "line": 18,
          "column": 4
        },
        "end": {
          "line": 18,
          "column": 54
        }
      },
      "16": {
        "start": {
          "line": 18,
          "column": 34
        },
        "end": {
          "line": 18,
          "column": 52
        }
      },
      "17": {
        "start": {
          "line": 19,
          "column": 4
        },
        "end": {
          "line": 21,
          "column": 6
        }
      },
      "18": {
        "start": {
          "line": 20,
          "column": 12
        },
        "end": {
          "line": 20,
          "column": 56
        }
      },
      "19": {
        "start": {
          "line": 22,
          "column": 4
        },
        "end": {
          "line": 22,
          "column": 64
        }
      },
      "20": {
        "start": {
          "line": 22,
          "column": 34
        },
        "end": {
          "line": 22,
          "column": 62
        }
      },
      "21": {
        "start": {
          "line": 23,
          "column": 4
        },
        "end": {
          "line": 23,
          "column": 55
        }
      },
      "22": {
        "start": {
          "line": 23,
          "column": 32
        },
        "end": {
          "line": 23,
          "column": 53
        }
      },
      "23": {
        "start": {
          "line": 24,
          "column": 4
        },
        "end": {
          "line": 24,
          "column": 37
        }
      },
      "24": {
        "start": {
          "line": 27,
          "column": 17
        },
        "end": {
          "line": 27,
          "column": 64
        }
      },
      "25": {
        "start": {
          "line": 28,
          "column": 4
        },
        "end": {
          "line": 28,
          "column": 19
        }
      },
      "26": {
        "start": {
          "line": 31,
          "column": 4
        },
        "end": {
          "line": 31,
          "column": 31
        }
      },
      "27": {
        "start": {
          "line": 32,
          "column": 4
        },
        "end": {
          "line": 32,
          "column": 44
        }
      },
      "28": {
        "start": {
          "line": 35,
          "column": 18
        },
        "end": {
          "line": 35,
          "column": 51
        }
      },
      "29": {
        "start": {
          "line": 36,
          "column": 4
        },
        "end": {
          "line": 36,
          "column": 59
        }
      },
      "30": {
        "start": {
          "line": 36,
          "column": 46
        },
        "end": {
          "line": 36,
          "column": 59
        }
      },
      "31": {
        "start": {
          "line": 37,
          "column": 4
        },
        "end": {
          "line": 37,
          "column": 18
        }
      },
      "32": {
        "start": {
          "line": 40,
          "column": 0
        },
        "end": {
          "line": 42,
          "column": 25
        }
      }
    },
    "fnMap": {
      "0": {
        "name": "(anonymous_0)",
        "decl": {
          "start": {
            "line": 3,
            "column": 22
          },
          "end": {
            "line": 3,
            "column": 23
          }
        },
        "loc": {
          "start": {
            "line": 3,
            "column": 57
          },
          "end": {
            "line": 10,
            "column": 1
          }
        },
        "line": 3
      },
      "1": {
        "name": "(anonymous_1)",
        "decl": {
          "start": {
            "line": 15,
            "column": 2
          },
          "end": {
            "line": 15,
            "column": 3
          }
        },
        "loc": {
          "start": {
            "line": 15,
            "column": 16
          },
          "end": {
            "line": 25,
            "column": 3
          }
        },
        "line": 15
      },
      "2": {
        "name": "(anonymous_2)",
        "decl": {
          "start": {
            "line": 18,
            "column": 28
          },
          "end": {
            "line": 18,
            "column": 29
          }
        },
        "loc": {
          "start": {
            "line": 18,
            "column": 34
          },
          "end": {
            "line": 18,
            "column": 52
          }
        },
        "line": 18
      },
      "3": {
        "name": "(anonymous_3)",
        "decl": {
          "start": {
            "line": 20,
            "column": 6
          },
          "end": {
            "line": 20,
            "column": 7
          }
        },
        "loc": {
          "start": {
            "line": 20,
            "column": 12
          },
          "end": {
            "line": 20,
            "column": 56
          }
        },
        "line": 20
      },
      "4": {
        "name": "(anonymous_4)",
        "decl": {
          "start": {
            "line": 22,
            "column": 28
          },
          "end": {
            "line": 22,
            "column": 29
          }
        },
        "loc": {
          "start": {
            "line": 22,
            "column": 34
          },
          "end": {
            "line": 22,
            "column": 62
          }
        },
        "line": 22
      },
      "5": {
        "name": "(anonymous_5)",
        "decl": {
          "start": {
            "line": 23,
            "column": 26
          },
          "end": {
            "line": 23,
            "column": 27
          }
        },
        "loc": {
          "start": {
            "line": 23,
            "column": 32
          },
          "end": {
            "line": 23,
            "column": 53
          }
        },
        "line": 23
      },
      "6": {
        "name": "(anonymous_6)",
        "decl": {
          "start": {
            "line": 26,
            "column": 2
          },
          "end": {
            "line": 26,
            "column": 3
          }
        },
        "loc": {
          "start": {
            "line": 26,
            "column": 11
          },
          "end": {
            "line": 29,
            "column": 3
          }
        },
        "line": 26
      },
      "7": {
        "name": "(anonymous_7)",
        "decl": {
          "start": {
            "line": 30,
            "column": 2
          },
          "end": {
            "line": 30,
            "column": 3
          }
        },
        "loc": {
          "start": {
            "line": 30,
            "column": 12
          },
          "end": {
            "line": 33,
            "column": 3
          }
        },
        "line": 30
      },
      "8": {
        "name": "(anonymous_8)",
        "decl": {
          "start": {
            "line": 34,
            "column": 2
          },
          "end": {
            "line": 34,
            "column": 3
          }
        },
        "loc": {
          "start": {
            "line": 34,
            "column": 14
          },
          "end": {
            "line": 38,
            "column": 3
          }
        },
        "line": 34
      }
    },
    "branchMap": {
      "0": {
        "loc": {
          "start": {
            "line": 4,
            "column": 15
          },
          "end": {
            "line": 4,
            "column": 80
          }
        },
        "type": "cond-expr",
        "locations": [
          {
            "start": {
              "line": 4,
              "column": 26
            },
            "end": {
              "line": 4,
              "column": 32
            }
          },
          {
            "start": {
              "line": 4,
              "column": 35
            },
            "end": {
              "line": 4,
              "column": 80
            }
          }
        ],
        "line": 4
      },
      "1": {
        "loc": {
          "start": {
            "line": 4,
            "column": 35
          },
          "end": {
            "line": 4,
            "column": 80
          }
        },
        "type": "cond-expr",
        "locations": [
          {
            "start": {
              "line": 4,
              "column": 42
            },
            "end": {
              "line": 4,
              "column": 71
            }
          },
          {
            "start": {
              "line": 4,
              "column": 74
            },
            "end": {
              "line": 4,
              "column": 80
            }
          }
        ],
        "line": 4
      },
      "2": {
        "loc": {
          "start": {
            "line": 6,
            "column": 4
          },
          "end": {
            "line": 7,
            "column": 85
          }
        },
        "type": "if",
        "locations": [
          {
            "start": {
              "line": 6,
              "column": 4
            },
            "end": {
              "line": 7,
              "column": 85
            }
          },
          {
            "start": {},
            "end": {}
          }
        ],
        "line": 6
      },
      "3": {
        "loc": {
          "start": {
            "line": 7,
            "column": 15
          },
          "end": {
            "line": 7,
            "column": 84
          }
        },
        "type": "binary-expr",
        "locations": [
          {
            "start": {
              "line": 7,
              "column": 16
            },
            "end": {
              "line": 7,
              "column": 73
            }
          },
          {
            "start": {
              "line": 7,
              "column": 78
            },
            "end": {
              "line": 7,
              "column": 84
            }
          }
        ],
        "line": 7
      },
      "4": {
        "loc": {
          "start": {
            "line": 7,
            "column": 16
          },
          "end": {
            "line": 7,
            "column": 73
          }
        },
        "type": "cond-expr",
        "locations": [
          {
            "start": {
              "line": 7,
              "column": 23
            },
            "end": {
              "line": 7,
              "column": 53
            }
          },
          {
            "start": {
              "line": 7,
              "column": 56
            },
            "end": {
              "line": 7,
              "column": 73
            }
          }
        ],
        "line": 7
      },
      "5": {
        "loc": {
          "start": {
            "line": 8,
            "column": 2
          },
          "end": {
            "line": 8,
            "column": 53
          }
        },
        "type": "if",
        "locations": [
          {
            "start": {
              "line": 8,
              "column": 2
            },
            "end": {
              "line": 8,
              "column": 53
            }
          },
          {
            "start": {},
            "end": {}
          }
        ],
        "line": 8
      },
      "6": {
        "loc": {
          "start": {
            "line": 8,
            "column": 6
          },
          "end": {
            "line": 8,
            "column": 20
          }
        },
        "type": "binary-expr",
        "locations": [
          {
            "start": {
              "line": 8,
              "column": 6
            },
            "end": {
              "line": 8,
              "column": 10
            }
          },
          {
            "start": {
              "line": 8,
              "column": 14
            },
            "end": {
              "line": 8,
              "column": 20
            }
          }
        ],
        "line": 8
      },
      "7": {
        "loc": {
          "start": {
            "line": 27,
            "column": 17
          },
          "end": {
            "line": 27,
            "column": 64
          }
        },
        "type": "cond-expr",
        "locations": [
          {
            "start": {
              "line": 27,
              "column": 49
            },
            "end": {
              "line": 27,
              "column": 55
            }
          },
          {
            "start": {
              "line": 27,
              "column": 58
            },
            "end": {
              "line": 27,
              "column": 64
            }
          }
        ],
        "line": 27
      },
      "8": {
        "loc": {
          "start": {
            "line": 36,
            "column": 4
          },
          "end": {
            "line": 36,
            "column": 59
          }
        },
        "type": "if",
        "locations": [
          {
            "start": {
              "line": 36,
              "column": 4
            },
            "end": {
              "line": 36,
              "column": 59
            }
          },
          {
            "start": {},
            "end": {}
          }
        ],
        "line": 36
      },
      "9": {
        "loc": {
          "start": {
            "line": 36,
            "column": 8
          },
          "end": {
            "line": 36,
            "column": 44
          }
        },
        "type": "binary-expr",
        "locations": [
          {
            "start": {
              "line": 36,
              "column": 8
            },
            "end": {
              "line": 36,
              "column": 24
            }
          },
          {
            "start": {
              "line": 36,
              "column": 28
            },
            "end": {
              "line": 36,
              "column": 44
            }
          }
        ],
        "line": 36
      }
    },
    "s": {
      "0": 60,
      "1": 60,
      "2": 60,
      "3": 60,
      "4": 60,
      "5": 60,
      "6": 60,
      "7": 60,
      "8": 60,
      "9": 0,
      "10": 60,
      "11": 60,
      "12": 60,
      "13": 211,
      "14": 211,
      "15": 211,
      "16": 89,
      "17": 211,
      "18": 99,
      "19": 211,
      "20": 99,
      "21": 211,
      "22": 0,
      "23": 211,
      "24": 22,
      "25": 22,
      "26": 157,
      "27": 157,
      "28": 211,
      "29": 211,
      "30": 23,
      "31": 188,
      "32": 60
    },
    "f": {
      "0": 60,
      "1": 211,
      "2": 89,
      "3": 99,
      "4": 99,
      "5": 0,
      "6": 22,
      "7": 157,
      "8": 211
    },
    "b": {
      "0": [
        0,
        60
      ],
      "1": [
        0,
        60
      ],
      "2": [
        60,
        0
      ],
      "3": [
        60,
        0
      ],
      "4": [
        0,
        60
      ],
      "5": [
        0,
        60
      ],
      "6": [
        60,
        0
      ],
      "7": [
        22,
        0
      ],
      "8": [
        23,
        188
      ],
      "9": [
        211,
        211
      ]
    },
    "_coverageSchema": "1a1c01bbd47fc00a2c39e90264f33305004495a9",
    "hash": "9c9c4efdc898a2fd82be4ff790ab89456e118146"
  },
  "C:/Users/detar/Universidad/Master/1º/DWEB-ProyFinal/futbolApp/frontend/src/app/services/api.service.ts": {
    "path": "C:/Users/detar/Universidad/Master/1º/DWEB-ProyFinal/futbolApp/frontend/src/app/services/api.service.ts",
    "statementMap": {
      "0": {
        "start": {
          "line": 1,
          "column": 16
        },
        "end": {
          "line": 1,
          "column": 37
        }
      },
      "1": {
        "start": {
          "line": 2,
          "column": 23
        },
        "end": {
          "line": 2,
          "column": 54
        }
      },
      "2": {
        "start": {
          "line": 3,
          "column": 22
        },
        "end": {
          "line": 10,
          "column": 1
        }
      },
      "3": {
        "start": {
          "line": 4,
          "column": 15
        },
        "end": {
          "line": 4,
          "column": 80
        }
      },
      "4": {
        "start": {
          "line": 5,
          "column": 2
        },
        "end": {
          "line": 7,
          "column": 85
        }
      },
      "5": {
        "start": {
          "line": 5,
          "column": 15
        },
        "end": {
          "line": 5,
          "column": 36
        }
      },
      "6": {
        "start": {
          "line": 6,
          "column": 4
        },
        "end": {
          "line": 7,
          "column": 85
        }
      },
      "7": {
        "start": {
          "line": 7,
          "column": 6
        },
        "end": {
          "line": 7,
          "column": 85
        }
      },
      "8": {
        "start": {
          "line": 8,
          "column": 2
        },
        "end": {
          "line": 8,
          "column": 53
        }
      },
      "9": {
        "start": {
          "line": 8,
          "column": 22
        },
        "end": {
          "line": 8,
          "column": 53
        }
      },
      "10": {
        "start": {
          "line": 9,
          "column": 2
        },
        "end": {
          "line": 9,
          "column": 16
        }
      },
      "11": {
        "start": {
          "line": 14,
          "column": 24
        },
        "end": {
          "line": 39,
          "column": 1
        }
      },
      "12": {
        "start": {
          "line": 16,
          "column": 4
        },
        "end": {
          "line": 16,
          "column": 35
        }
      },
      "13": {
        "start": {
          "line": 17,
          "column": 4
        },
        "end": {
          "line": 17,
          "column": 47
        }
      },
      "14": {
        "start": {
          "line": 20,
          "column": 4
        },
        "end": {
          "line": 20,
          "column": 33
        }
      },
      "15": {
        "start": {
          "line": 23,
          "column": 12
        },
        "end": {
          "line": 23,
          "column": 67
        }
      },
      "16": {
        "start": {
          "line": 24,
          "column": 4
        },
        "end": {
          "line": 24,
          "column": 61
        }
      },
      "17": {
        "start": {
          "line": 24,
          "column": 15
        },
        "end": {
          "line": 24,
          "column": 61
        }
      },
      "18": {
        "start": {
          "line": 25,
          "column": 4
        },
        "end": {
          "line": 25,
          "column": 13
        }
      },
      "19": {
        "start": {
          "line": 28,
          "column": 4
        },
        "end": {
          "line": 28,
          "column": 85
        }
      },
      "20": {
        "start": {
          "line": 31,
          "column": 4
        },
        "end": {
          "line": 31,
          "column": 92
        }
      },
      "21": {
        "start": {
          "line": 34,
          "column": 4
        },
        "end": {
          "line": 34,
          "column": 91
        }
      },
      "22": {
        "start": {
          "line": 37,
          "column": 4
        },
        "end": {
          "line": 37,
          "column": 88
        }
      },
      "23": {
        "start": {
          "line": 40,
          "column": 0
        },
        "end": {
          "line": 42,
          "column": 15
        }
      }
    },
    "fnMap": {
      "0": {
        "name": "(anonymous_0)",
        "decl": {
          "start": {
            "line": 3,
            "column": 22
          },
          "end": {
            "line": 3,
            "column": 23
          }
        },
        "loc": {
          "start": {
            "line": 3,
            "column": 57
          },
          "end": {
            "line": 10,
            "column": 1
          }
        },
        "line": 3
      },
      "1": {
        "name": "(anonymous_1)",
        "decl": {
          "start": {
            "line": 15,
            "column": 2
          },
          "end": {
            "line": 15,
            "column": 3
          }
        },
        "loc": {
          "start": {
            "line": 15,
            "column": 16
          },
          "end": {
            "line": 18,
            "column": 3
          }
        },
        "line": 15
      },
      "2": {
        "name": "(anonymous_2)",
        "decl": {
          "start": {
            "line": 19,
            "column": 2
          },
          "end": {
            "line": 19,
            "column": 3
          }
        },
        "loc": {
          "start": {
            "line": 19,
            "column": 16
          },
          "end": {
            "line": 21,
            "column": 3
          }
        },
        "line": 19
      },
      "3": {
        "name": "(anonymous_3)",
        "decl": {
          "start": {
            "line": 22,
            "column": 2
          },
          "end": {
            "line": 22,
            "column": 3
          }
        },
        "loc": {
          "start": {
            "line": 22,
            "column": 17
          },
          "end": {
            "line": 26,
            "column": 3
          }
        },
        "line": 22
      },
      "4": {
        "name": "(anonymous_4)",
        "decl": {
          "start": {
            "line": 27,
            "column": 2
          },
          "end": {
            "line": 27,
            "column": 3
          }
        },
        "loc": {
          "start": {
            "line": 27,
            "column": 19
          },
          "end": {
            "line": 29,
            "column": 3
          }
        },
        "line": 27
      },
      "5": {
        "name": "(anonymous_5)",
        "decl": {
          "start": {
            "line": 30,
            "column": 2
          },
          "end": {
            "line": 30,
            "column": 3
          }
        },
        "loc": {
          "start": {
            "line": 30,
            "column": 26
          },
          "end": {
            "line": 32,
            "column": 3
          }
        },
        "line": 30
      },
      "6": {
        "name": "(anonymous_6)",
        "decl": {
          "start": {
            "line": 33,
            "column": 2
          },
          "end": {
            "line": 33,
            "column": 3
          }
        },
        "loc": {
          "start": {
            "line": 33,
            "column": 25
          },
          "end": {
            "line": 35,
            "column": 3
          }
        },
        "line": 33
      },
      "7": {
        "name": "(anonymous_7)",
        "decl": {
          "start": {
            "line": 36,
            "column": 2
          },
          "end": {
            "line": 36,
            "column": 3
          }
        },
        "loc": {
          "start": {
            "line": 36,
            "column": 22
          },
          "end": {
            "line": 38,
            "column": 3
          }
        },
        "line": 36
      }
    },
    "branchMap": {
      "0": {
        "loc": {
          "start": {
            "line": 4,
            "column": 15
          },
          "end": {
            "line": 4,
            "column": 80
          }
        },
        "type": "cond-expr",
        "locations": [
          {
            "start": {
              "line": 4,
              "column": 26
            },
            "end": {
              "line": 4,
              "column": 32
            }
          },
          {
            "start": {
              "line": 4,
              "column": 35
            },
            "end": {
              "line": 4,
              "column": 80
            }
          }
        ],
        "line": 4
      },
      "1": {
        "loc": {
          "start": {
            "line": 4,
            "column": 35
          },
          "end": {
            "line": 4,
            "column": 80
          }
        },
        "type": "cond-expr",
        "locations": [
          {
            "start": {
              "line": 4,
              "column": 42
            },
            "end": {
              "line": 4,
              "column": 71
            }
          },
          {
            "start": {
              "line": 4,
              "column": 74
            },
            "end": {
              "line": 4,
              "column": 80
            }
          }
        ],
        "line": 4
      },
      "2": {
        "loc": {
          "start": {
            "line": 6,
            "column": 4
          },
          "end": {
            "line": 7,
            "column": 85
          }
        },
        "type": "if",
        "locations": [
          {
            "start": {
              "line": 6,
              "column": 4
            },
            "end": {
              "line": 7,
              "column": 85
            }
          },
          {
            "start": {},
            "end": {}
          }
        ],
        "line": 6
      },
      "3": {
        "loc": {
          "start": {
            "line": 7,
            "column": 15
          },
          "end": {
            "line": 7,
            "column": 84
          }
        },
        "type": "binary-expr",
        "locations": [
          {
            "start": {
              "line": 7,
              "column": 16
            },
            "end": {
              "line": 7,
              "column": 73
            }
          },
          {
            "start": {
              "line": 7,
              "column": 78
            },
            "end": {
              "line": 7,
              "column": 84
            }
          }
        ],
        "line": 7
      },
      "4": {
        "loc": {
          "start": {
            "line": 7,
            "column": 16
          },
          "end": {
            "line": 7,
            "column": 73
          }
        },
        "type": "cond-expr",
        "locations": [
          {
            "start": {
              "line": 7,
              "column": 23
            },
            "end": {
              "line": 7,
              "column": 53
            }
          },
          {
            "start": {
              "line": 7,
              "column": 56
            },
            "end": {
              "line": 7,
              "column": 73
            }
          }
        ],
        "line": 7
      },
      "5": {
        "loc": {
          "start": {
            "line": 8,
            "column": 2
          },
          "end": {
            "line": 8,
            "column": 53
          }
        },
        "type": "if",
        "locations": [
          {
            "start": {
              "line": 8,
              "column": 2
            },
            "end": {
              "line": 8,
              "column": 53
            }
          },
          {
            "start": {},
            "end": {}
          }
        ],
        "line": 8
      },
      "6": {
        "loc": {
          "start": {
            "line": 8,
            "column": 6
          },
          "end": {
            "line": 8,
            "column": 20
          }
        },
        "type": "binary-expr",
        "locations": [
          {
            "start": {
              "line": 8,
              "column": 6
            },
            "end": {
              "line": 8,
              "column": 10
            }
          },
          {
            "start": {
              "line": 8,
              "column": 14
            },
            "end": {
              "line": 8,
              "column": 20
            }
          }
        ],
        "line": 8
      },
      "7": {
        "loc": {
          "start": {
            "line": 24,
            "column": 4
          },
          "end": {
            "line": 24,
            "column": 61
          }
        },
        "type": "if",
        "locations": [
          {
            "start": {
              "line": 24,
              "column": 4
            },
            "end": {
              "line": 24,
              "column": 61
            }
          },
          {
            "start": {},
            "end": {}
          }
        ],
        "line": 24
      }
    },
    "s": {
      "0": 60,
      "1": 60,
      "2": 60,
      "3": 60,
      "4": 60,
      "5": 60,
      "6": 60,
      "7": 60,
      "8": 60,
      "9": 0,
      "10": 60,
      "11": 60,
      "12": 101,
      "13": 101,
      "14": 99,
      "15": 99,
      "16": 99,
      "17": 14,
      "18": 99,
      "19": 48,
      "20": 18,
      "21": 17,
      "22": 16,
      "23": 60
    },
    "f": {
      "0": 60,
      "1": 101,
      "2": 99,
      "3": 99,
      "4": 48,
      "5": 18,
      "6": 17,
      "7": 16
    },
    "b": {
      "0": [
        0,
        60
      ],
      "1": [
        0,
        60
      ],
      "2": [
        60,
        0
      ],
      "3": [
        60,
        0
      ],
      "4": [
        0,
        60
      ],
      "5": [
        0,
        60
      ],
      "6": [
        60,
        0
      ],
      "7": [
        14,
        85
      ]
    },
    "_coverageSchema": "1a1c01bbd47fc00a2c39e90264f33305004495a9",
    "hash": "78894787b2e85ff7ec5632de6f96df3e0a205847"
  },
  "C:/Users/detar/Universidad/Master/1º/DWEB-ProyFinal/futbolApp/frontend/src/app/validators.ts": {
    "path": "C:/Users/detar/Universidad/Master/1º/DWEB-ProyFinal/futbolApp/frontend/src/app/validators.ts",
    "statementMap": {
      "0": {
        "start": {
          "line": 1,
          "column": 26
        },
        "end": {
          "line": 1,
          "column": 54
        }
      },
      "1": {
        "start": {
          "line": 3,
          "column": 2
        },
        "end": {
          "line": 3,
          "column": 54
        }
      },
      "2": {
        "start": {
          "line": 3,
          "column": 21
        },
        "end": {
          "line": 3,
          "column": 54
        }
      },
      "3": {
        "start": {
          "line": 4,
          "column": 2
        },
        "end": {
          "line": 4,
          "column": 63
        }
      },
      "4": {
        "start": {
          "line": 4,
          "column": 38
        },
        "end": {
          "line": 4,
          "column": 63
        }
      },
      "5": {
        "start": {
          "line": 5,
          "column": 2
        },
        "end": {
          "line": 5,
          "column": 14
        }
      },
      "6": {
        "start": {
          "line": 8,
          "column": 17
        },
        "end": {
          "line": 8,
          "column": 19
        }
      },
      "7": {
        "start": {
          "line": 9,
          "column": 2
        },
        "end": {
          "line": 9,
          "column": 64
        }
      },
      "8": {
        "start": {
          "line": 9,
          "column": 27
        },
        "end": {
          "line": 9,
          "column": 64
        }
      },
      "9": {
        "start": {
          "line": 10,
          "column": 2
        },
        "end": {
          "line": 10,
          "column": 69
        }
      },
      "10": {
        "start": {
          "line": 10,
          "column": 31
        },
        "end": {
          "line": 10,
          "column": 69
        }
      },
      "11": {
        "start": {
          "line": 11,
          "column": 2
        },
        "end": {
          "line": 11,
          "column": 69
        }
      },
      "12": {
        "start": {
          "line": 11,
          "column": 31
        },
        "end": {
          "line": 11,
          "column": 69
        }
      },
      "13": {
        "start": {
          "line": 12,
          "column": 2
        },
        "end": {
          "line": 12,
          "column": 65
        }
      },
      "14": {
        "start": {
          "line": 12,
          "column": 31
        },
        "end": {
          "line": 12,
          "column": 65
        }
      },
      "15": {
        "start": {
          "line": 13,
          "column": 2
        },
        "end": {
          "line": 13,
          "column": 83
        }
      },
      "16": {
        "start": {
          "line": 13,
          "column": 38
        },
        "end": {
          "line": 13,
          "column": 83
        }
      },
      "17": {
        "start": {
          "line": 14,
          "column": 2
        },
        "end": {
          "line": 14,
          "column": 48
        }
      },
      "18": {
        "start": {
          "line": 16,
          "column": 25
        },
        "end": {
          "line": 27,
          "column": 1
        }
      },
      "19": {
        "start": {
          "line": 29,
          "column": 15
        },
        "end": {
          "line": 29,
          "column": 24
        }
      },
      "20": {
        "start": {
          "line": 30,
          "column": 2
        },
        "end": {
          "line": 30,
          "column": 68
        }
      },
      "21": {
        "start": {
          "line": 30,
          "column": 38
        },
        "end": {
          "line": 30,
          "column": 68
        }
      },
      "22": {
        "start": {
          "line": 31,
          "column": 2
        },
        "end": {
          "line": 31,
          "column": 47
        }
      },
      "23": {
        "start": {
          "line": 31,
          "column": 28
        },
        "end": {
          "line": 31,
          "column": 47
        }
      },
      "24": {
        "start": {
          "line": 32,
          "column": 2
        },
        "end": {
          "line": 32,
          "column": 29
        }
      }
    },
    "fnMap": {
      "0": {
        "name": "validateEmail",
        "decl": {
          "start": {
            "line": 2,
            "column": 16
          },
          "end": {
            "line": 2,
            "column": 29
          }
        },
        "loc": {
          "start": {
            "line": 2,
            "column": 37
          },
          "end": {
            "line": 6,
            "column": 1
          }
        },
        "line": 2
      },
      "1": {
        "name": "validatePasswordStrength",
        "decl": {
          "start": {
            "line": 7,
            "column": 16
          },
          "end": {
            "line": 7,
            "column": 40
          }
        },
        "loc": {
          "start": {
            "line": 7,
            "column": 51
          },
          "end": {
            "line": 15,
            "column": 1
          }
        },
        "line": 7
      },
      "2": {
        "name": "mapFirebaseError",
        "decl": {
          "start": {
            "line": 28,
            "column": 16
          },
          "end": {
            "line": 28,
            "column": 32
          }
        },
        "loc": {
          "start": {
            "line": 28,
            "column": 38
          },
          "end": {
            "line": 33,
            "column": 1
          }
        },
        "line": 28
      }
    },
    "branchMap": {
      "0": {
        "loc": {
          "start": {
            "line": 3,
            "column": 2
          },
          "end": {
            "line": 3,
            "column": 54
          }
        },
        "type": "if",
        "locations": [
          {
            "start": {
              "line": 3,
              "column": 2
            },
            "end": {
              "line": 3,
              "column": 54
            }
          },
          {
            "start": {},
            "end": {}
          }
        ],
        "line": 3
      },
      "1": {
        "loc": {
          "start": {
            "line": 4,
            "column": 2
          },
          "end": {
            "line": 4,
            "column": 63
          }
        },
        "type": "if",
        "locations": [
          {
            "start": {
              "line": 4,
              "column": 2
            },
            "end": {
              "line": 4,
              "column": 63
            }
          },
          {
            "start": {},
            "end": {}
          }
        ],
        "line": 4
      },
      "2": {
        "loc": {
          "start": {
            "line": 9,
            "column": 2
          },
          "end": {
            "line": 9,
            "column": 64
          }
        },
        "type": "if",
        "locations": [
          {
            "start": {
              "line": 9,
              "column": 2
            },
            "end": {
              "line": 9,
              "column": 64
            }
          },
          {
            "start": {},
            "end": {}
          }
        ],
        "line": 9
      },
      "3": {
        "loc": {
          "start": {
            "line": 10,
            "column": 2
          },
          "end": {
            "line": 10,
            "column": 69
          }
        },
        "type": "if",
        "locations": [
          {
            "start": {
              "line": 10,
              "column": 2
            },
            "end": {
              "line": 10,
              "column": 69
            }
          },
          {
            "start": {},
            "end": {}
          }
        ],
        "line": 10
      },
      "4": {
        "loc": {
          "start": {
            "line": 11,
            "column": 2
          },
          "end": {
            "line": 11,
            "column": 69
          }
        },
        "type": "if",
        "locations": [
          {
            "start": {
              "line": 11,
              "column": 2
            },
            "end": {
              "line": 11,
              "column": 69
            }
          },
          {
            "start": {},
            "end": {}
          }
        ],
        "line": 11
      },
      "5": {
        "loc": {
          "start": {
            "line": 12,
            "column": 2
          },
          "end": {
            "line": 12,
            "column": 65
          }
        },
        "type": "if",
        "locations": [
          {
            "start": {
              "line": 12,
              "column": 2
            },
            "end": {
              "line": 12,
              "column": 65
            }
          },
          {
            "start": {},
            "end": {}
          }
        ],
        "line": 12
      },
      "6": {
        "loc": {
          "start": {
            "line": 13,
            "column": 2
          },
          "end": {
            "line": 13,
            "column": 83
          }
        },
        "type": "if",
        "locations": [
          {
            "start": {
              "line": 13,
              "column": 2
            },
            "end": {
              "line": 13,
              "column": 83
            }
          },
          {
            "start": {},
            "end": {}
          }
        ],
        "line": 13
      },
      "7": {
        "loc": {
          "start": {
            "line": 30,
            "column": 2
          },
          "end": {
            "line": 30,
            "column": 68
          }
        },
        "type": "if",
        "locations": [
          {
            "start": {
              "line": 30,
              "column": 2
            },
            "end": {
              "line": 30,
              "column": 68
            }
          },
          {
            "start": {},
            "end": {}
          }
        ],
        "line": 30
      },
      "8": {
        "loc": {
          "start": {
            "line": 30,
            "column": 6
          },
          "end": {
            "line": 30,
            "column": 36
          }
        },
        "type": "binary-expr",
        "locations": [
          {
            "start": {
              "line": 30,
              "column": 6
            },
            "end": {
              "line": 30,
              "column": 10
            }
          },
          {
            "start": {
              "line": 30,
              "column": 14
            },
            "end": {
              "line": 30,
              "column": 36
            }
          }
        ],
        "line": 30
      },
      "9": {
        "loc": {
          "start": {
            "line": 31,
            "column": 2
          },
          "end": {
            "line": 31,
            "column": 47
          }
        },
        "type": "if",
        "locations": [
          {
            "start": {
              "line": 31,
              "column": 2
            },
            "end": {
              "line": 31,
              "column": 47
            }
          },
          {
            "start": {},
            "end": {}
          }
        ],
        "line": 31
      }
    },
    "s": {
      "0": 60,
      "1": 69,
      "2": 35,
      "3": 34,
      "4": 0,
      "5": 34,
      "6": 33,
      "7": 33,
      "8": 0,
      "9": 33,
      "10": 0,
      "11": 33,
      "12": 0,
      "13": 33,
      "14": 0,
      "15": 33,
      "16": 0,
      "17": 33,
      "18": 60,
      "19": 63,
      "20": 63,
      "21": 32,
      "22": 31,
      "23": 0,
      "24": 31
    },
    "f": {
      "0": 69,
      "1": 33,
      "2": 63
    },
    "b": {
      "0": [
        35,
        34
      ],
      "1": [
        0,
        34
      ],
      "2": [
        0,
        33
      ],
      "3": [
        0,
        33
      ],
      "4": [
        0,
        33
      ],
      "5": [
        0,
        33
      ],
      "6": [
        0,
        33
      ],
      "7": [
        32,
        31
      ],
      "8": [
        63,
        63
      ],
      "9": [
        0,
        31
      ]
    },
    "_coverageSchema": "1a1c01bbd47fc00a2c39e90264f33305004495a9",
    "hash": "5047609034172a4e97ff4fca8e5f93bce710e06f"
  },
  "C:/Users/detar/Universidad/Master/1º/DWEB-ProyFinal/futbolApp/frontend/src/app/services/auth.service.ts": {
    "path": "C:/Users/detar/Universidad/Master/1º/DWEB-ProyFinal/futbolApp/frontend/src/app/services/auth.service.ts",
    "statementMap": {
      "0": {
        "start": {
          "line": 1,
          "column": 16
        },
        "end": {
          "line": 1,
          "column": 37
        }
      },
      "1": {
        "start": {
          "line": 2,
          "column": 23
        },
        "end": {
          "line": 2,
          "column": 54
        }
      },
      "2": {
        "start": {
          "line": 3,
          "column": 22
        },
        "end": {
          "line": 10,
          "column": 1
        }
      },
      "3": {
        "start": {
          "line": 4,
          "column": 15
        },
        "end": {
          "line": 4,
          "column": 80
        }
      },
      "4": {
        "start": {
          "line": 5,
          "column": 2
        },
        "end": {
          "line": 7,
          "column": 85
        }
      },
      "5": {
        "start": {
          "line": 5,
          "column": 15
        },
        "end": {
          "line": 5,
          "column": 36
        }
      },
      "6": {
        "start": {
          "line": 6,
          "column": 4
        },
        "end": {
          "line": 7,
          "column": 85
        }
      },
      "7": {
        "start": {
          "line": 7,
          "column": 6
        },
        "end": {
          "line": 7,
          "column": 85
        }
      },
      "8": {
        "start": {
          "line": 8,
          "column": 2
        },
        "end": {
          "line": 8,
          "column": 53
        }
      },
      "9": {
        "start": {
          "line": 8,
          "column": 22
        },
        "end": {
          "line": 8,
          "column": 53
        }
      },
      "10": {
        "start": {
          "line": 9,
          "column": 2
        },
        "end": {
          "line": 9,
          "column": 16
        }
      },
      "11": {
        "start": {
          "line": 27,
          "column": 25
        },
        "end": {
          "line": 124,
          "column": 1
        }
      },
      "12": {
        "start": {
          "line": 29,
          "column": 4
        },
        "end": {
          "line": 29,
          "column": 59
        }
      },
      "13": {
        "start": {
          "line": 30,
          "column": 4
        },
        "end": {
[...]
        "line": 197
      },
      "40": {
        "loc": {
          "start": {
            "line": 198,
            "column": 23
          },
          "end": {
            "line": 198,
            "column": 117
          }
        },
        "type": "cond-expr",
        "locations": [
          {
            "start": {
              "line": 198,
              "column": 83
            },
            "end": {
              "line": 198,
              "column": 112
            }
          },
          {
            "start": {
              "line": 198,
              "column": 115
            },
            "end": {
              "line": 198,
              "column": 117
            }
          }
        ],
        "line": 198
      },
      "41": {
        "loc": {
          "start": {
            "line": 198,
            "column": 23
          },
          "end": {
            "line": 198,
            "column": 80
          }
        },
        "type": "binary-expr",
        "locations": [
          {
            "start": {
              "line": 198,
              "column": 23
            },
            "end": {
              "line": 198,
              "column": 46
            }
          },
          {
            "start": {
              "line": 198,
              "column": 50
            },
            "end": {
              "line": 198,
              "column": 80
            }
          }
        ],
        "line": 198
      },
      "42": {
        "loc": {
          "start": {
            "line": 199,
            "column": 4
          },
          "end": {
            "line": 202,
            "column": 5
          }
        },
        "type": "if",
        "locations": [
          {
            "start": {
              "line": 199,
              "column": 4
            },
            "end": {
              "line": 202,
              "column": 5
            }
          },
          {
            "start": {},
            "end": {}
          }
        ],
        "line": 199
      },
      "43": {
        "loc": {
          "start": {
            "line": 200,
            "column": 22
          },
          "end": {
            "line": 200,
            "column": 92
          }
        },
        "type": "cond-expr",
        "locations": [
          {
            "start": {
              "line": 200,
              "column": 68
            },
            "end": {
              "line": 200,
              "column": 87
            }
          },
          {
            "start": {
              "line": 200,
              "column": 90
            },
            "end": {
              "line": 200,
              "column": 92
            }
          }
        ],
        "line": 200
      },
      "44": {
        "loc": {
          "start": {
            "line": 201,
            "column": 22
          },
          "end": {
            "line": 201,
            "column": 93
          }
        },
        "type": "cond-expr",
        "locations": [
          {
            "start": {
              "line": 201,
              "column": 68
            },
            "end": {
              "line": 201,
              "column": 88
            }
          },
          {
            "start": {
              "line": 201,
              "column": 91
            },
            "end": {
              "line": 201,
              "column": 93
            }
          }
        ],
        "line": 201
      },
      "45": {
        "loc": {
          "start": {
            "line": 203,
            "column": 4
          },
          "end": {
            "line": 203,
            "column": 105
          }
        },
        "type": "if",
        "locations": [
          {
            "start": {
              "line": 203,
              "column": 4
            },
            "end": {
              "line": 203,
              "column": 105
            }
          },
          {
            "start": {},
            "end": {}
          }
        ],
        "line": 203
      },
      "46": {
        "loc": {
          "start": {
            "line": 203,
            "column": 8
          },
          "end": {
            "line": 203,
            "column": 96
          }
        },
        "type": "binary-expr",
        "locations": [
          {
            "start": {
              "line": 203,
              "column": 8
            },
            "end": {
              "line": 203,
              "column": 22
            }
          },
          {
            "start": {
              "line": 203,
              "column": 26
            },
            "end": {
              "line": 203,
              "column": 42
            }
          },
          {
            "start": {
              "line": 203,
              "column": 46
            },
            "end": {
              "line": 203,
              "column": 62
            }
          },
          {
            "start": {
              "line": 203,
              "column": 66
            },
            "end": {
              "line": 203,
              "column": 79
            }
          },
          {
            "start": {
              "line": 203,
              "column": 83
            },
            "end": {
              "line": 203,
              "column": 96
            }
          }
        ],
        "line": 203
      },
      "47": {
        "loc": {
          "start": {
            "line": 206,
            "column": 4
          },
          "end": {
            "line": 213,
            "column": 5
          }
        },
        "type": "if",
        "locations": [
          {
            "start": {
              "line": 206,
              "column": 4
            },
            "end": {
              "line": 213,
              "column": 5
            }
          },
          {
            "start": {},
            "end": {}
          }
        ],
        "line": 206
      },
      "48": {
        "loc": {
          "start": {
            "line": 216,
            "column": 4
          },
          "end": {
            "line": 216,
            "column": 83
          }
        },
        "type": "if",
        "locations": [
          {
            "start": {
              "line": 216,
              "column": 4
            },
            "end": {
              "line": 216,
              "column": 83
            }
          },
          {
            "start": {},
            "end": {}
          }
        ],
        "line": 216
      },
      "49": {
        "loc": {
          "start": {
            "line": 217,
            "column": 4
          },
          "end": {
            "line": 217,
            "column": 80
          }
        },
        "type": "if",
        "locations": [
          {
            "start": {
              "line": 217,
              "column": 4
            },
            "end": {
              "line": 217,
              "column": 80
            }
          },
          {
            "start": {},
            "end": {}
          }
        ],
        "line": 217
      },
      "50": {
        "loc": {
          "start": {
            "line": 218,
            "column": 4
          },
          "end": {
            "line": 218,
            "column": 89
          }
        },
        "type": "if",
        "locations": [
          {
            "start": {
              "line": 218,
              "column": 4
            },
            "end": {
              "line": 218,
              "column": 89
            }
          },
          {
            "start": {},
            "end": {}
          }
        ],
        "line": 218
      },
      "51": {
        "loc": {
          "start": {
            "line": 219,
            "column": 4
          },
          "end": {
            "line": 219,
            "column": 80
          }
        },
        "type": "if",
        "locations": [
          {
            "start": {
              "line": 219,
              "column": 4
            },
            "end": {
              "line": 219,
              "column": 80
            }
          },
          {
            "start": {},
            "end": {}
          }
        ],
        "line": 219
      },
      "52": {
        "loc": {
          "start": {
            "line": 220,
            "column": 4
          },
          "end": {
            "line": 220,
            "column": 69
          }
        },
        "type": "if",
        "locations": [
          {
            "start": {
              "line": 220,
              "column": 4
            },
            "end": {
              "line": 220,
              "column": 69
            }
          },
          {
            "start": {},
            "end": {}
          }
        ],
        "line": 220
      },
      "53": {
        "loc": {
          "start": {
            "line": 221,
            "column": 4
          },
          "end": {
            "line": 221,
            "column": 118
          }
        },
        "type": "if",
        "locations": [
          {
            "start": {
              "line": 221,
              "column": 4
            },
            "end": {
              "line": 221,
              "column": 118
            }
          },
          {
            "start": {},
            "end": {}
          }
        ],
        "line": 221
      },
      "54": {
        "loc": {
          "start": {
            "line": 221,
            "column": 8
          },
          "end": {
            "line": 221,
            "column": 67
          }
        },
        "type": "binary-expr",
        "locations": [
          {
            "start": {
              "line": 221,
              "column": 8
            },
            "end": {
              "line": 221,
              "column": 32
            }
          },
          {
            "start": {
              "line": 221,
              "column": 36
            },
            "end": {
              "line": 221,
              "column": 67
            }
          }
        ],
        "line": 221
      },
      "55": {
        "loc": {
          "start": {
            "line": 222,
            "column": 4
          },
          "end": {
            "line": 222,
            "column": 118
          }
        },
        "type": "if",
        "locations": [
          {
            "start": {
              "line": 222,
              "column": 4
            },
            "end": {
              "line": 222,
              "column": 118
            }
          },
          {
            "start": {},
            "end": {}
          }
        ],
        "line": 222
      },
      "56": {
        "loc": {
          "start": {
            "line": 222,
            "column": 8
          },
          "end": {
            "line": 222,
            "column": 67
          }
        },
        "type": "binary-expr",
        "locations": [
          {
            "start": {
              "line": 222,
              "column": 8
            },
            "end": {
              "line": 222,
              "column": 32
            }
          },
          {
            "start": {
              "line": 222,
              "column": 36
            },
            "end": {
              "line": 222,
              "column": 67
            }
          }
        ],
        "line": 222
      },
      "57": {
        "loc": {
          "start": {
            "line": 223,
            "column": 4
          },
          "end": {
            "line": 223,
            "column": 68
          }
        },
        "type": "if",
        "locations": [
          {
            "start": {
              "line": 223,
              "column": 4
            },
            "end": {
              "line": 223,
              "column": 68
            }
          },
          {
            "start": {},
            "end": {}
          }
        ],
        "line": 223
      },
      "58": {
        "loc": {
          "start": {
            "line": 224,
            "column": 4
          },
          "end": {
            "line": 224,
            "column": 74
          }
        },
        "type": "if",
        "locations": [
          {
            "start": {
              "line": 224,
              "column": 4
            },
            "end": {
              "line": 224,
              "column": 74
            }
          },
          {
            "start": {},
            "end": {}
          }
        ],
        "line": 224
      },
      "59": {
        "loc": {
          "start": {
            "line": 225,
            "column": 4
          },
          "end": {
            "line": 225,
            "column": 57
          }
        },
        "type": "if",
        "locations": [
          {
            "start": {
              "line": 225,
              "column": 4
            },
            "end": {
              "line": 225,
              "column": 57
            }
          },
          {
            "start": {},
            "end": {}
          }
        ],
        "line": 225
      },
      "60": {
        "loc": {
          "start": {
            "line": 226,
            "column": 4
          },
          "end": {
            "line": 226,
            "column": 66
          }
        },
        "type": "if",
        "locations": [
          {
            "start": {
              "line": 226,
              "column": 4
            },
            "end": {
              "line": 226,
              "column": 66
            }
          },
          {
            "start": {},
            "end": {}
          }
        ],
        "line": 226
      },
      "61": {
        "loc": {
          "start": {
            "line": 236,
            "column": 21
          },
          "end": {
            "line": 236,
            "column": 88
          }
        },
        "type": "binary-expr",
        "locations": [
          {
            "start": {
              "line": 236,
              "column": 21
            },
            "end": {
              "line": 236,
              "column": 37
            }
          },
          {
            "start": {
              "line": 236,
              "column": 41
            },
            "end": {
              "line": 236,
              "column": 52
            }
          },
          {
            "start": {
              "line": 236,
              "column": 56
            },
            "end": {
              "line": 236,
              "column": 88
            }
          }
        ],
        "line": 236
      }
    },
    "s": {
      "0": 2,
      "1": 2,
      "2": 2,
      "3": 2,
      "4": 2,
      "5": 2,
      "6": 2,
      "7": 2,
      "8": 2,
      "9": 0,
      "10": 2,
      "11": 0,
      "12": 0,
      "13": 2,
      "14": 0,
      "15": 0,
      "16": 0,
      "17": 0,
      "18": 0,
      "19": 0,
      "20": 0,
      "21": 0,
      "22": 0,
      "23": 0,
      "24": 0,
      "25": 0,
      "26": 0,
      "27": 0,
      "28": 0,
      "29": 0,
      "30": 0,
      "31": 0,
      "32": 0,
      "33": 0,
      "34": 0,
      "35": 0,
      "36": 0,
      "37": 0,
      "38": 0,
      "39": 0,
      "40": 0,
      "41": 0,
      "42": 0,
      "43": 0,
      "44": 0,
      "45": 0,
      "46": 0,
      "47": 0,
      "48": 0,
      "49": 0,
      "50": 0,
      "51": 0,
      "52": 0,
      "53": 0,
      "54": 0,
      "55": 0,
      "56": 0,
      "57": 0,
      "58": 0,
      "59": 0,
      "60": 0,
      "61": 0,
      "62": 0,
      "63": 0,
      "64": 0,
      "65": 0,
      "66": 0,
      "67": 0,
      "68": 0,
      "69": 0,
      "70": 0,
      "71": 0,
      "72": 0,
      "73": 0,
      "74": 0,
      "75": 0,
      "76": 0,
      "77": 0,
      "78": 0,
      "79": 0,
      "80": 0,
      "81": 0,
      "82": 0,
      "83": 0,
      "84": 0,
      "85": 0,
      "86": 0,
      "87": 0,
      "88": 0,
      "89": 0,
      "90": 0,
      "91": 0,
      "92": 0,
      "93": 0,
      "94": 0,
      "95": 0,
      "96": 0,
      "97": 0,
      "98": 0,
      "99": 0,
      "100": 0,
      "101": 0,
      "102": 0,
      "103": 0,
      "104": 0,
      "105": 0,
      "106": 0,
      "107": 0,
      "108": 0,
      "109": 0,
      "110": 0,
      "111": 0,
      "112": 0,
      "113": 0,
      "114": 0,
      "115": 0,
      "116": 0,
      "117": 0,
      "118": 0,
      "119": 0,
      "120": 0,
      "121": 0,
      "122": 0,
      "123": 0,
      "124": 0,
      "125": 0,
      "126": 0,
      "127": 0,
      "128": 0,
      "129": 0,
      "130": 0,
      "131": 0,
      "132": 0,
      "133": 0,
      "134": 0,
      "135": 0,
      "136": 0,
      "137": 0,
      "138": 0,
      "139": 0,
      "140": 0,
      "141": 2
    },
    "f": {
      "0": 2,
      "1": 0,
      "2": 0,
      "3": 0,
      "4": 0,
      "5": 0,
      "6": 0,
      "7": 0,
      "8": 0,
      "9": 0,
      "10": 0,
      "11": 0,
      "12": 0,
      "13": 0,
      "14": 0,
      "15": 0,
      "16": 0,
      "17": 0,
      "18": 0,
      "19": 0,
      "20": 0,
      "21": 0,
      "22": 0,
      "23": 0
    },
    "b": {
      "0": [
        0,
        2
      ],
      "1": [
        0,
        2
      ],
      "2": [
        2,
        0
      ],
      "3": [
        2,
        0
      ],
      "4": [
        0,
        2
      ],
      "5": [
        0,
        2
      ],
      "6": [
        2,
        0
      ],
      "7": [
        0,
        0,
        0
      ],
      "8": [
        0,
        0
      ],
      "9": [
        0,
        0,
        0,
        0,
        0
      ],
      "10": [
        0,
        0
      ],
      "11": [
        0,
        0
      ],
      "12": [
        0,
        0
      ],
      "13": [
        0,
        0
      ],
      "14": [
        0,
        0
      ],
      "15": [
        0,
        0
      ],
      "16": [
        0,
        0
      ],
      "17": [
        0,
        0
      ],
      "18": [
        0,
        0
      ],
      "19": [
        0,
        0
      ],
      "20": [
        0,
        0
      ],
      "21": [
        0,
        0
      ],
      "22": [
        0,
        0
      ],
      "23": [
        0,
        0
      ],
      "24": [
        0,
        0
      ],
      "25": [
        0,
        0
      ],
      "26": [
        0,
        0
      ],
      "27": [
        0,
        0
      ],
      "28": [
        0,
        0
      ],
      "29": [
        0,
        0
      ],
      "30": [
        0,
        0
      ],
      "31": [
        0,
        0
      ],
      "32": [
        0,
        0
      ],
      "33": [
        0,
        0
      ],
      "34": [
        0,
        0
      ],
      "35": [
        0,
        0,
        0
      ],
      "36": [
        0,
        0
      ],
      "37": [
        0,
        0
      ],
      "38": [
        0,
        0
      ],
      "39": [
        0,
        0
      ],
      "40": [
        0,
        0
      ],
      "41": [
        0,
        0
      ],
      "42": [
        0,
        0
      ],
      "43": [
        0,
        0
      ],
      "44": [
        0,
        0
      ],
      "45": [
        0,
        0
      ],
      "46": [
        0,
        0,
        0,
        0,
        0
      ],
      "47": [
        0,
        0
      ],
      "48": [
        0,
        0
      ],
      "49": [
        0,
        0
      ],
      "50": [
        0,
        0
      ],
      "51": [
        0,
        0
      ],
      "52": [
        0,
        0
      ],
      "53": [
        0,
        0
      ],
      "54": [
        0,
        0
      ],
      "55": [
        0,
        0
      ],
      "56": [
        0,
        0
      ],
      "57": [
        0,
        0
      ],
      "58": [
        0,
        0
      ],
      "59": [
        0,
        0
      ],
      "60": [
        0,
        0
      ],
      "61": [
        0,
        0,
        0
      ]
    },
    "_coverageSchema": "1a1c01bbd47fc00a2c39e90264f33305004495a9",
    "hash": "31db32587d6d167ae6ea1582b043c12f626140d2"
  }
}